CRITICAL - 2021-02-06 16:08:11 --> Invalid file: deskapp/includs/_footer.php
#0 /opt/lampp/htdocs/deskapp_codeigniter/system/View/View.php(207): CodeIgniter\Exceptions\FrameworkException::forInvalidFile('deskapp/includs...')
#1 /opt/lampp/htdocs/deskapp_codeigniter/system/Common.php(1213): CodeIgniter\View\View->render('deskapp/includs...', Array, true)
#2 /opt/lampp/htdocs/deskapp_codeigniter/app/Views/deskapp/extra-pages/product.php(226): view('deskapp/includs...')
#3 /opt/lampp/htdocs/deskapp_codeigniter/system/View/View.php(223): include('/opt/lampp/htdo...')
#4 /opt/lampp/htdocs/deskapp_codeigniter/system/Common.php(1213): CodeIgniter\View\View->render('deskapp/extra-p...', Array, true)
#5 /opt/lampp/htdocs/deskapp_codeigniter/app/Controllers/Extrapages.php(41): view('deskapp/extra-p...')
#6 /opt/lampp/htdocs/deskapp_codeigniter/system/CodeIgniter.php(935): App\Controllers\Extrapages->product()
#7 /opt/lampp/htdocs/deskapp_codeigniter/system/CodeIgniter.php(431): CodeIgniter\CodeIgniter->runController(Object(App\Controllers\Extrapages))
#8 /opt/lampp/htdocs/deskapp_codeigniter/system/CodeIgniter.php(332): CodeIgniter\CodeIgniter->handleRequest(NULL, Object(Config\Cache), false)
#9 /opt/lampp/htdocs/deskapp_codeigniter/public/index.php(44): CodeIgniter\CodeIgniter->run()
#10 {main}
CRITICAL - 2021-02-06 16:56:16 --> Class "App\Controllers\Deskapp\BaseController" not found
#0 /opt/lampp/htdocs/deskapp_codeigniter/system/Router/Router.php(562): include_once()
#1 /opt/lampp/htdocs/deskapp_codeigniter/system/Router/Router.php(170): CodeIgniter\Router\Router->autoRoute('deskapp/forms/b...')
#2 /opt/lampp/htdocs/deskapp_codeigniter/system/CodeIgniter.php(815): CodeIgniter\Router\Router->handle('deskapp/forms/b...')
#3 /opt/lampp/htdocs/deskapp_codeigniter/system/CodeIgniter.php(384): CodeIgniter\CodeIgniter->tryToRouteIt(Object(CodeIgniter\Router\RouteCollection))
#4 /opt/lampp/htdocs/deskapp_codeigniter/system/CodeIgniter.php(332): CodeIgniter\CodeIgniter->handleRequest(NULL, Object(Config\Cache), false)
#5 /opt/lampp/htdocs/deskapp_codeigniter/public/index.php(44): CodeIgniter\CodeIgniter->run()
#6 {main}
CRITICAL - 2021-02-06 17:52:45 --> Class "App\Controller\BaseController" not found
#0 /opt/lampp/htdocs/deskapp_codeigniter/system/Router/Router.php(562): include_once()
#1 /opt/lampp/htdocs/deskapp_codeigniter/system/Router/Router.php(170): CodeIgniter\Router\Router->autoRoute('deskapp/ForgotP...')
#2 /opt/lampp/htdocs/deskapp_codeigniter/system/CodeIgniter.php(815): CodeIgniter\Router\Router->handle('deskapp/ForgotP...')
#3 /opt/lampp/htdocs/deskapp_codeigniter/system/CodeIgniter.php(384): CodeIgniter\CodeIgniter->tryToRouteIt(Object(CodeIgniter\Router\RouteCollection))
#4 /opt/lampp/htdocs/deskapp_codeigniter/system/CodeIgniter.php(332): CodeIgniter\CodeIgniter->handleRequest(NULL, Object(Config\Cache), false)
#5 /opt/lampp/htdocs/deskapp_codeigniter/index.php(44): CodeIgniter\CodeIgniter->run()
#6 {main}
CRITICAL - 2021-02-06 18:02:51 --> unlink(/opt/lampp/htdocs/deskapp_codeigniter/writable/debugbar/debugbar_1612655197.json): No such file or directory
#0 [internal function]: CodeIgniter\Debug\Exceptions->errorHandler(2, 'unlink(/opt/lam...', '/opt/lampp/htdo...', 78)
#1 /opt/lampp/htdocs/deskapp_codeigniter/system/Debug/Toolbar/Collectors/History.php(78): unlink('/opt/lampp/htdo...')
#2 /opt/lampp/htdocs/deskapp_codeigniter/system/Debug/Toolbar.php(441): CodeIgniter\Debug\Toolbar\Collectors\History->setFiles(1612656168, 20)
#3 /opt/lampp/htdocs/deskapp_codeigniter/system/Debug/Toolbar.php(413): CodeIgniter\Debug\Toolbar->format(Array, 'html')
#4 /opt/lampp/htdocs/deskapp_codeigniter/app/Config/Events.php(52): CodeIgniter\Debug\Toolbar->respond()
#5 [internal function]: CodeIgniter\Events\Events::Config\{closure}()
#6 /opt/lampp/htdocs/deskapp_codeigniter/system/Events/Events.php(166): call_user_func(Object(Closure))
#7 /opt/lampp/htdocs/deskapp_codeigniter/system/CodeIgniter.php(313): CodeIgniter\Events\Events::trigger('pre_system')
#8 /opt/lampp/htdocs/deskapp_codeigniter/index.php(44): CodeIgniter\CodeIgniter->run()
#9 {main}
CRITICAL - 2021-02-06 18:26:48 --> Undefined variable $username
#0 /opt/lampp/htdocs/deskapp_codeigniter/app/Views/deskapp/includes/_header.php(125): CodeIgniter\Debug\Exceptions->errorHandler(2, 'Undefined varia...', '/opt/lampp/htdo...', 125)
#1 /opt/lampp/htdocs/deskapp_codeigniter/system/View/View.php(223): include('/opt/lampp/htdo...')
#2 /opt/lampp/htdocs/deskapp_codeigniter/system/Common.php(1213): CodeIgniter\View\View->render('deskapp/include...', Array, true)
#3 /opt/lampp/htdocs/deskapp_codeigniter/app/Views/deskapp/documentation/introduction.php(36): view('deskapp/include...')
#4 /opt/lampp/htdocs/deskapp_codeigniter/system/View/View.php(223): include('/opt/lampp/htdo...')
#5 /opt/lampp/htdocs/deskapp_codeigniter/system/Common.php(1213): CodeIgniter\View\View->render('deskapp/documen...', Array, true)
#6 /opt/lampp/htdocs/deskapp_codeigniter/app/Controllers/Deskapp/Docs.php(16): view('deskapp/documen...')
#7 /opt/lampp/htdocs/deskapp_codeigniter/system/CodeIgniter.php(935): App\Controllers\Deskapp\Docs->introduction()
#8 /opt/lampp/htdocs/deskapp_codeigniter/system/CodeIgniter.php(431): CodeIgniter\CodeIgniter->runController(Object(App\Controllers\Deskapp\Docs))
#9 /opt/lampp/htdocs/deskapp_codeigniter/system/CodeIgniter.php(332): CodeIgniter\CodeIgniter->handleRequest(NULL, Object(Config\Cache), false)
#10 /opt/lampp/htdocs/deskapp_codeigniter/index.php(44): CodeIgniter\CodeIgniter->run()
#11 {main}
CRITICAL - 2021-02-06 19:08:18 --> fopen(/opt/lampp/htdocs/deskapp_codeigniter/writable/session/ci_session2chcv8nmm277kf24epci026o5m5bg47u): failed to open stream: Permission denied
#0 [internal function]: CodeIgniter\Debug\Exceptions->errorHandler()
#1 /opt/lampp/htdocs/deskapp_codeigniter/system/Session/Handlers/FileHandler.php(153): fopen()
#2 [internal function]: CodeIgniter\Session\Handlers\FileHandler->read()
#3 /opt/lampp/htdocs/deskapp_codeigniter/system/Session/Session.php(1027): session_start()
#4 /opt/lampp/htdocs/deskapp_codeigniter/system/Session/Session.php(226): CodeIgniter\Session\Session->startSession()
#5 /opt/lampp/htdocs/deskapp_codeigniter/system/Config/Services.php(714): CodeIgniter\Session\Session->start()
#6 /opt/lampp/htdocs/deskapp_codeigniter/system/Config/BaseService.php(100): CodeIgniter\Config\Services::session()
#7 /opt/lampp/htdocs/deskapp_codeigniter/system/Config/Services.php(699): CodeIgniter\Config\BaseService::getSharedInstance()
#8 /opt/lampp/htdocs/deskapp_codeigniter/system/Common.php(995): CodeIgniter\Config\Services::session()
#9 /opt/lampp/htdocs/deskapp_codeigniter/app/Views/deskapp/auth/login.php(49): session()
#10 /opt/lampp/htdocs/deskapp_codeigniter/system/View/View.php(223): include('/opt/lampp/htdo...')
#11 /opt/lampp/htdocs/deskapp_codeigniter/system/Common.php(1213): CodeIgniter\View\View->render()
#12 /opt/lampp/htdocs/deskapp_codeigniter/app/Controllers/Deskapp/Login.php(15): view()
#13 /opt/lampp/htdocs/deskapp_codeigniter/system/CodeIgniter.php(935): App\Controllers\Deskapp\Login->index()
#14 /opt/lampp/htdocs/deskapp_codeigniter/system/CodeIgniter.php(431): CodeIgniter\CodeIgniter->runController()
#15 /opt/lampp/htdocs/deskapp_codeigniter/system/CodeIgniter.php(332): CodeIgniter\CodeIgniter->handleRequest()
#16 /opt/lampp/htdocs/deskapp_codeigniter/public/index.php(44): CodeIgniter\CodeIgniter->run()
#17 /opt/lampp/htdocs/deskapp_codeigniter/system/Commands/Server/rewrite.php(45): require_once('/opt/lampp/htdo...')
#18 {main}
