CRITICAL - 2021-02-05 01:17:23 --> mkdir(): Permission denied
#0 [internal function]: CodeIgniter\Debug\Exceptions->errorHandler()
#1 /opt/lampp/htdocs/deskapp_codeigniter/system/Session/Handlers/FileHandler.php(116): mkdir()
#2 [internal function]: CodeIgniter\Session\Handlers\FileHandler->open()
#3 /opt/lampp/htdocs/deskapp_codeigniter/system/Session/Session.php(1027): session_start()
#4 /opt/lampp/htdocs/deskapp_codeigniter/system/Session/Session.php(226): CodeIgniter\Session\Session->startSession()
#5 /opt/lampp/htdocs/deskapp_codeigniter/system/Config/Services.php(714): CodeIgniter\Session\Session->start()
#6 /opt/lampp/htdocs/deskapp_codeigniter/system/Config/BaseService.php(100): CodeIgniter\Config\Services::session()
#7 /opt/lampp/htdocs/deskapp_codeigniter/system/Config/Services.php(699): CodeIgniter\Config\BaseService::getSharedInstance()
#8 /opt/lampp/htdocs/deskapp_codeigniter/system/Common.php(995): CodeIgniter\Config\Services::session()
#9 /opt/lampp/htdocs/deskapp_codeigniter/app/Filters/Auth.php(12): session()
#10 /opt/lampp/htdocs/deskapp_codeigniter/system/Filters/Filters.php(181): App\Filters\Auth->before()
#11 /opt/lampp/htdocs/deskapp_codeigniter/system/CodeIgniter.php(402): CodeIgniter\Filters\Filters->run()
#12 /opt/lampp/htdocs/deskapp_codeigniter/system/CodeIgniter.php(332): CodeIgniter\CodeIgniter->handleRequest()
#13 /opt/lampp/htdocs/deskapp_codeigniter/public/index.php(44): CodeIgniter\CodeIgniter->run()
#14 /opt/lampp/htdocs/deskapp_codeigniter/system/Commands/Server/rewrite.php(45): require_once('/opt/lampp/htdo...')
#15 {main}
CRITICAL - 2021-02-05 01:23:37 --> fopen(./WRITEPATH/session/ci_sessionfbcg2b8m1fe8jgf08kurffcbpeh2i35r): Failed to open stream: Permission denied
#0 [internal function]: CodeIgniter\Debug\Exceptions->errorHandler(2, 'fopen(./WRITEPA...', '/opt/lampp/htdo...', 153)
#1 /opt/lampp/htdocs/deskapp_codeigniter/system/Session/Handlers/FileHandler.php(153): fopen('./WRITEPATH/ses...', 'c+b')
#2 [internal function]: CodeIgniter\Session\Handlers\FileHandler->read('fbcg2b8m1fe8jgf...')
#3 /opt/lampp/htdocs/deskapp_codeigniter/system/Session/Session.php(1027): session_start()
#4 /opt/lampp/htdocs/deskapp_codeigniter/system/Session/Session.php(226): CodeIgniter\Session\Session->startSession()
#5 /opt/lampp/htdocs/deskapp_codeigniter/system/Config/Services.php(714): CodeIgniter\Session\Session->start()
#6 /opt/lampp/htdocs/deskapp_codeigniter/system/Config/BaseService.php(100): CodeIgniter\Config\Services::session(Object(Config\App), false)
#7 /opt/lampp/htdocs/deskapp_codeigniter/system/Config/Services.php(699): CodeIgniter\Config\BaseService::getSharedInstance('session', NULL)
#8 /opt/lampp/htdocs/deskapp_codeigniter/system/Common.php(995): CodeIgniter\Config\Services::session()
#9 /opt/lampp/htdocs/deskapp_codeigniter/app/Views/deskapp/auth/login.php(49): session()
#10 /opt/lampp/htdocs/deskapp_codeigniter/system/View/View.php(223): include('/opt/lampp/htdo...')
#11 /opt/lampp/htdocs/deskapp_codeigniter/system/Common.php(1213): CodeIgniter\View\View->render('deskapp/auth/lo...', Array, true)
#12 /opt/lampp/htdocs/deskapp_codeigniter/app/Controllers/Login.php(15): view('deskapp/auth/lo...')
#13 /opt/lampp/htdocs/deskapp_codeigniter/system/CodeIgniter.php(935): App\Controllers\Login->index()
#14 /opt/lampp/htdocs/deskapp_codeigniter/system/CodeIgniter.php(431): CodeIgniter\CodeIgniter->runController(Object(App\Controllers\Login))
#15 /opt/lampp/htdocs/deskapp_codeigniter/system/CodeIgniter.php(332): CodeIgniter\CodeIgniter->handleRequest(NULL, Object(Config\Cache), false)
#16 /opt/lampp/htdocs/deskapp_codeigniter/public/index.php(44): CodeIgniter\CodeIgniter->run()
#17 {main}
CRITICAL - 2021-02-05 01:25:45 --> fopen(./writable/session/ci_sessionfbcg2b8m1fe8jgf08kurffcbpeh2i35r): failed to open stream: Permission denied
#0 [internal function]: CodeIgniter\Debug\Exceptions->errorHandler()
#1 /opt/lampp/htdocs/deskapp_codeigniter/system/Session/Handlers/FileHandler.php(153): fopen()
#2 [internal function]: CodeIgniter\Session\Handlers\FileHandler->read()
#3 /opt/lampp/htdocs/deskapp_codeigniter/system/Session/Session.php(1027): session_start()
#4 /opt/lampp/htdocs/deskapp_codeigniter/system/Session/Session.php(226): CodeIgniter\Session\Session->startSession()
#5 /opt/lampp/htdocs/deskapp_codeigniter/system/Config/Services.php(714): CodeIgniter\Session\Session->start()
#6 /opt/lampp/htdocs/deskapp_codeigniter/system/Config/BaseService.php(100): CodeIgniter\Config\Services::session()
#7 /opt/lampp/htdocs/deskapp_codeigniter/system/Config/Services.php(699): CodeIgniter\Config\BaseService::getSharedInstance()
#8 /opt/lampp/htdocs/deskapp_codeigniter/system/Common.php(995): CodeIgniter\Config\Services::session()
#9 /opt/lampp/htdocs/deskapp_codeigniter/app/Filters/Auth.php(12): session()
#10 /opt/lampp/htdocs/deskapp_codeigniter/system/Filters/Filters.php(181): App\Filters\Auth->before()
#11 /opt/lampp/htdocs/deskapp_codeigniter/system/CodeIgniter.php(402): CodeIgniter\Filters\Filters->run()
#12 /opt/lampp/htdocs/deskapp_codeigniter/system/CodeIgniter.php(332): CodeIgniter\CodeIgniter->handleRequest()
#13 /opt/lampp/htdocs/deskapp_codeigniter/public/index.php(44): CodeIgniter\CodeIgniter->run()
#14 /opt/lampp/htdocs/deskapp_codeigniter/system/Commands/Server/rewrite.php(45): require_once('/opt/lampp/htdo...')
#15 {main}
CRITICAL - 2021-02-05 01:26:16 --> fopen(./writable/session//ci_sessionfbcg2b8m1fe8jgf08kurffcbpeh2i35r): failed to open stream: Permission denied
#0 [internal function]: CodeIgniter\Debug\Exceptions->errorHandler()
#1 /opt/lampp/htdocs/deskapp_codeigniter/system/Session/Handlers/FileHandler.php(153): fopen()
#2 [internal function]: CodeIgniter\Session\Handlers\FileHandler->read()
#3 /opt/lampp/htdocs/deskapp_codeigniter/system/Session/Session.php(1027): session_start()
#4 /opt/lampp/htdocs/deskapp_codeigniter/system/Session/Session.php(226): CodeIgniter\Session\Session->startSession()
#5 /opt/lampp/htdocs/deskapp_codeigniter/system/Config/Services.php(714): CodeIgniter\Session\Session->start()
#6 /opt/lampp/htdocs/deskapp_codeigniter/system/Config/BaseService.php(100): CodeIgniter\Config\Services::session()
#7 /opt/lampp/htdocs/deskapp_codeigniter/system/Config/Services.php(699): CodeIgniter\Config\BaseService::getSharedInstance()
#8 /opt/lampp/htdocs/deskapp_codeigniter/system/Common.php(995): CodeIgniter\Config\Services::session()
#9 /opt/lampp/htdocs/deskapp_codeigniter/app/Filters/Auth.php(12): session()
#10 /opt/lampp/htdocs/deskapp_codeigniter/system/Filters/Filters.php(181): App\Filters\Auth->before()
#11 /opt/lampp/htdocs/deskapp_codeigniter/system/CodeIgniter.php(402): CodeIgniter\Filters\Filters->run()
#12 /opt/lampp/htdocs/deskapp_codeigniter/system/CodeIgniter.php(332): CodeIgniter\CodeIgniter->handleRequest()
#13 /opt/lampp/htdocs/deskapp_codeigniter/public/index.php(44): CodeIgniter\CodeIgniter->run()
#14 /opt/lampp/htdocs/deskapp_codeigniter/system/Commands/Server/rewrite.php(45): require_once('/opt/lampp/htdo...')
#15 {main}
CRITICAL - 2021-02-05 01:26:24 --> fopen(./writable/session/ci_sessionfbcg2b8m1fe8jgf08kurffcbpeh2i35r): failed to open stream: Permission denied
#0 [internal function]: CodeIgniter\Debug\Exceptions->errorHandler()
#1 /opt/lampp/htdocs/deskapp_codeigniter/system/Session/Handlers/FileHandler.php(153): fopen()
#2 [internal function]: CodeIgniter\Session\Handlers\FileHandler->read()
#3 /opt/lampp/htdocs/deskapp_codeigniter/system/Session/Session.php(1027): session_start()
#4 /opt/lampp/htdocs/deskapp_codeigniter/system/Session/Session.php(226): CodeIgniter\Session\Session->startSession()
#5 /opt/lampp/htdocs/deskapp_codeigniter/system/Config/Services.php(714): CodeIgniter\Session\Session->start()
#6 /opt/lampp/htdocs/deskapp_codeigniter/system/Config/BaseService.php(100): CodeIgniter\Config\Services::session()
#7 /opt/lampp/htdocs/deskapp_codeigniter/system/Config/Services.php(699): CodeIgniter\Config\BaseService::getSharedInstance()
#8 /opt/lampp/htdocs/deskapp_codeigniter/system/Common.php(995): CodeIgniter\Config\Services::session()
#9 /opt/lampp/htdocs/deskapp_codeigniter/app/Filters/Auth.php(12): session()
#10 /opt/lampp/htdocs/deskapp_codeigniter/system/Filters/Filters.php(181): App\Filters\Auth->before()
#11 /opt/lampp/htdocs/deskapp_codeigniter/system/CodeIgniter.php(402): CodeIgniter\Filters\Filters->run()
#12 /opt/lampp/htdocs/deskapp_codeigniter/system/CodeIgniter.php(332): CodeIgniter\CodeIgniter->handleRequest()
#13 /opt/lampp/htdocs/deskapp_codeigniter/public/index.php(44): CodeIgniter\CodeIgniter->run()
#14 /opt/lampp/htdocs/deskapp_codeigniter/system/Commands/Server/rewrite.php(45): require_once('/opt/lampp/htdo...')
#15 {main}
CRITICAL - 2021-02-05 01:32:30 --> mkdir(): Permission denied
#0 [internal function]: CodeIgniter\Debug\Exceptions->errorHandler()
#1 /opt/lampp/htdocs/deskapp_codeigniter/system/Session/Handlers/FileHandler.php(116): mkdir()
#2 [internal function]: CodeIgniter\Session\Handlers\FileHandler->open()
#3 /opt/lampp/htdocs/deskapp_codeigniter/system/Session/Session.php(1027): session_start()
#4 /opt/lampp/htdocs/deskapp_codeigniter/system/Session/Session.php(226): CodeIgniter\Session\Session->startSession()
#5 /opt/lampp/htdocs/deskapp_codeigniter/system/Config/Services.php(714): CodeIgniter\Session\Session->start()
#6 /opt/lampp/htdocs/deskapp_codeigniter/system/Config/BaseService.php(100): CodeIgniter\Config\Services::session()
#7 /opt/lampp/htdocs/deskapp_codeigniter/system/Config/Services.php(699): CodeIgniter\Config\BaseService::getSharedInstance()
#8 /opt/lampp/htdocs/deskapp_codeigniter/system/Common.php(995): CodeIgniter\Config\Services::session()
#9 /opt/lampp/htdocs/deskapp_codeigniter/app/Filters/Auth.php(12): session()
#10 /opt/lampp/htdocs/deskapp_codeigniter/system/Filters/Filters.php(181): App\Filters\Auth->before()
#11 /opt/lampp/htdocs/deskapp_codeigniter/system/CodeIgniter.php(402): CodeIgniter\Filters\Filters->run()
#12 /opt/lampp/htdocs/deskapp_codeigniter/system/CodeIgniter.php(332): CodeIgniter\CodeIgniter->handleRequest()
#13 /opt/lampp/htdocs/deskapp_codeigniter/public/index.php(44): CodeIgniter\CodeIgniter->run()
#14 /opt/lampp/htdocs/deskapp_codeigniter/system/Commands/Server/rewrite.php(45): require_once('/opt/lampp/htdo...')
#15 {main}
CRITICAL - 2021-02-05 01:32:38 --> mkdir(): Permission denied
#0 [internal function]: CodeIgniter\Debug\Exceptions->errorHandler()
#1 /opt/lampp/htdocs/deskapp_codeigniter/system/Session/Handlers/FileHandler.php(116): mkdir()
#2 [internal function]: CodeIgniter\Session\Handlers\FileHandler->open()
#3 /opt/lampp/htdocs/deskapp_codeigniter/system/Session/Session.php(1027): session_start()
#4 /opt/lampp/htdocs/deskapp_codeigniter/system/Session/Session.php(226): CodeIgniter\Session\Session->startSession()
#5 /opt/lampp/htdocs/deskapp_codeigniter/system/Config/Services.php(714): CodeIgniter\Session\Session->start()
#6 /opt/lampp/htdocs/deskapp_codeigniter/system/Config/BaseService.php(100): CodeIgniter\Config\Services::session()
#7 /opt/lampp/htdocs/deskapp_codeigniter/system/Config/Services.php(699): CodeIgniter\Config\BaseService::getSharedInstance()
#8 /opt/lampp/htdocs/deskapp_codeigniter/system/Common.php(995): CodeIgniter\Config\Services::session()
#9 /opt/lampp/htdocs/deskapp_codeigniter/app/Filters/Auth.php(12): session()
#10 /opt/lampp/htdocs/deskapp_codeigniter/system/Filters/Filters.php(181): App\Filters\Auth->before()
#11 /opt/lampp/htdocs/deskapp_codeigniter/system/CodeIgniter.php(402): CodeIgniter\Filters\Filters->run()
#12 /opt/lampp/htdocs/deskapp_codeigniter/system/CodeIgniter.php(332): CodeIgniter\CodeIgniter->handleRequest()
#13 /opt/lampp/htdocs/deskapp_codeigniter/public/index.php(44): CodeIgniter\CodeIgniter->run()
#14 /opt/lampp/htdocs/deskapp_codeigniter/system/Commands/Server/rewrite.php(45): require_once('/opt/lampp/htdo...')
#15 {main}
CRITICAL - 2021-02-05 01:32:49 --> mkdir(): Permission denied
#0 [internal function]: CodeIgniter\Debug\Exceptions->errorHandler()
#1 /opt/lampp/htdocs/deskapp_codeigniter/system/Session/Handlers/FileHandler.php(116): mkdir()
#2 [internal function]: CodeIgniter\Session\Handlers\FileHandler->open()
#3 /opt/lampp/htdocs/deskapp_codeigniter/system/Session/Session.php(1027): session_start()
#4 /opt/lampp/htdocs/deskapp_codeigniter/system/Session/Session.php(226): CodeIgniter\Session\Session->startSession()
#5 /opt/lampp/htdocs/deskapp_codeigniter/system/Config/Services.php(714): CodeIgniter\Session\Session->start()
#6 /opt/lampp/htdocs/deskapp_codeigniter/system/Config/BaseService.php(100): CodeIgniter\Config\Services::session()
#7 /opt/lampp/htdocs/deskapp_codeigniter/system/Config/Services.php(699): CodeIgniter\Config\BaseService::getSharedInstance()
#8 /opt/lampp/htdocs/deskapp_codeigniter/system/Common.php(995): CodeIgniter\Config\Services::session()
#9 /opt/lampp/htdocs/deskapp_codeigniter/app/Filters/Auth.php(12): session()
#10 /opt/lampp/htdocs/deskapp_codeigniter/system/Filters/Filters.php(181): App\Filters\Auth->before()
#11 /opt/lampp/htdocs/deskapp_codeigniter/system/CodeIgniter.php(402): CodeIgniter\Filters\Filters->run()
#12 /opt/lampp/htdocs/deskapp_codeigniter/system/CodeIgniter.php(332): CodeIgniter\CodeIgniter->handleRequest()
#13 /opt/lampp/htdocs/deskapp_codeigniter/public/index.php(44): CodeIgniter\CodeIgniter->run()
#14 /opt/lampp/htdocs/deskapp_codeigniter/system/Commands/Server/rewrite.php(45): require_once('/opt/lampp/htdo...')
#15 {main}
CRITICAL - 2021-02-05 01:35:28 --> fopen(./writable/session/ci_sessiongjquvl3f6ina1g724pit97c5ng3q1mfp): Failed to open stream: Permission denied
#0 [internal function]: CodeIgniter\Debug\Exceptions->errorHandler(2, 'fopen(./writabl...', '/opt/lampp/htdo...', 153)
#1 /opt/lampp/htdocs/deskapp_codeigniter/system/Session/Handlers/FileHandler.php(153): fopen('./writable/sess...', 'c+b')
#2 [internal function]: CodeIgniter\Session\Handlers\FileHandler->read('gjquvl3f6ina1g7...')
#3 /opt/lampp/htdocs/deskapp_codeigniter/system/Session/Session.php(1027): session_start()
#4 /opt/lampp/htdocs/deskapp_codeigniter/system/Session/Session.php(226): CodeIgniter\Session\Session->startSession()
#5 /opt/lampp/htdocs/deskapp_codeigniter/system/Config/Services.php(714): CodeIgniter\Session\Session->start()
#6 /opt/lampp/htdocs/deskapp_codeigniter/system/Config/BaseService.php(100): CodeIgniter\Config\Services::session(Object(Config\App), false)
#7 /opt/lampp/htdocs/deskapp_codeigniter/system/Config/Services.php(699): CodeIgniter\Config\BaseService::getSharedInstance('session', NULL)
#8 /opt/lampp/htdocs/deskapp_codeigniter/system/Common.php(995): CodeIgniter\Config\Services::session()
#9 /opt/lampp/htdocs/deskapp_codeigniter/app/Filters/Auth.php(12): session()
#10 /opt/lampp/htdocs/deskapp_codeigniter/system/Filters/Filters.php(181): App\Filters\Auth->before(Object(CodeIgniter\HTTP\IncomingRequest), NULL)
#11 /opt/lampp/htdocs/deskapp_codeigniter/system/CodeIgniter.php(402): CodeIgniter\Filters\Filters->run('dashboard', 'before')
#12 /opt/lampp/htdocs/deskapp_codeigniter/system/CodeIgniter.php(332): CodeIgniter\CodeIgniter->handleRequest(NULL, Object(Config\Cache), false)
#13 /opt/lampp/htdocs/deskapp_codeigniter/public/index.php(44): CodeIgniter\CodeIgniter->run()
#14 {main}
CRITICAL - 2021-02-05 01:55:20 --> syntax error, unexpected token "/", expecting "," or ";"
#0 /opt/lampp/htdocs/deskapp_codeigniter/system/Router/Router.php(170): CodeIgniter\Router\Router->autoRoute('icons/fontaweso...')
#1 /opt/lampp/htdocs/deskapp_codeigniter/system/CodeIgniter.php(815): CodeIgniter\Router\Router->handle('icons/fontaweso...')
#2 /opt/lampp/htdocs/deskapp_codeigniter/system/CodeIgniter.php(384): CodeIgniter\CodeIgniter->tryToRouteIt(Object(CodeIgniter\Router\RouteCollection))
#3 /opt/lampp/htdocs/deskapp_codeigniter/system/CodeIgniter.php(332): CodeIgniter\CodeIgniter->handleRequest(NULL, Object(Config\Cache), false)
#4 /opt/lampp/htdocs/deskapp_codeigniter/public/index.php(44): CodeIgniter\CodeIgniter->run()
#5 {main}
CRITICAL - 2021-02-05 02:07:55 --> syntax error, unexpected token "/", expecting "," or ";"
#0 /opt/lampp/htdocs/deskapp_codeigniter/system/Router/Router.php(170): CodeIgniter\Router\Router->autoRoute('chat/chat')
#1 /opt/lampp/htdocs/deskapp_codeigniter/system/CodeIgniter.php(815): CodeIgniter\Router\Router->handle('chat/chat')
#2 /opt/lampp/htdocs/deskapp_codeigniter/system/CodeIgniter.php(384): CodeIgniter\CodeIgniter->tryToRouteIt(Object(CodeIgniter\Router\RouteCollection))
#3 /opt/lampp/htdocs/deskapp_codeigniter/system/CodeIgniter.php(332): CodeIgniter\CodeIgniter->handleRequest(NULL, Object(Config\Cache), false)
#4 /opt/lampp/htdocs/deskapp_codeigniter/public/index.php(44): CodeIgniter\CodeIgniter->run()
#5 {main}
CRITICAL - 2021-02-05 07:11:21 --> Invalid file: deskapp/additional-pages/video-player.php
#0 /opt/lampp/htdocs/deskapp_codeigniter/system/View/View.php(207): CodeIgniter\Exceptions\FrameworkException::forInvalidFile('deskapp/additio...')
#1 /opt/lampp/htdocs/deskapp_codeigniter/system/Common.php(1213): CodeIgniter\View\View->render('deskapp/additio...', Array, true)
#2 /opt/lampp/htdocs/deskapp_codeigniter/app/Controllers/Additionalpages.php(12): view('deskapp/additio...')
#3 /opt/lampp/htdocs/deskapp_codeigniter/system/CodeIgniter.php(935): App\Controllers\Additionalpages->videoplayer()
#4 /opt/lampp/htdocs/deskapp_codeigniter/system/CodeIgniter.php(431): CodeIgniter\CodeIgniter->runController(Object(App\Controllers\Additionalpages))
#5 /opt/lampp/htdocs/deskapp_codeigniter/system/CodeIgniter.php(332): CodeIgniter\CodeIgniter->handleRequest(NULL, Object(Config\Cache), false)
#6 /opt/lampp/htdocs/deskapp_codeigniter/public/index.php(44): CodeIgniter\CodeIgniter->run()
#7 {main}
CRITICAL - 2021-02-05 07:12:14 --> Invalid file: deskapp/addtional-pages/video-player.php
#0 /opt/lampp/htdocs/deskapp_codeigniter/system/View/View.php(207): CodeIgniter\Exceptions\FrameworkException::forInvalidFile('deskapp/addtion...')
#1 /opt/lampp/htdocs/deskapp_codeigniter/system/Common.php(1213): CodeIgniter\View\View->render('deskapp/addtion...', Array, true)
#2 /opt/lampp/htdocs/deskapp_codeigniter/app/Controllers/Additionalpages.php(12): view('deskapp/addtion...')
#3 /opt/lampp/htdocs/deskapp_codeigniter/system/CodeIgniter.php(935): App\Controllers\Additionalpages->videoplayer()
#4 /opt/lampp/htdocs/deskapp_codeigniter/system/CodeIgniter.php(431): CodeIgniter\CodeIgniter->runController(Object(App\Controllers\Additionalpages))
#5 /opt/lampp/htdocs/deskapp_codeigniter/system/CodeIgniter.php(332): CodeIgniter\CodeIgniter->handleRequest(NULL, Object(Config\Cache), false)
#6 /opt/lampp/htdocs/deskapp_codeigniter/public/index.php(44): CodeIgniter\CodeIgniter->run()
#7 {main}
CRITICAL - 2021-02-05 07:12:15 --> Invalid file: deskapp/addtional-pages/video-player.php
#0 /opt/lampp/htdocs/deskapp_codeigniter/system/View/View.php(207): CodeIgniter\Exceptions\FrameworkException::forInvalidFile('deskapp/addtion...')
#1 /opt/lampp/htdocs/deskapp_codeigniter/system/Common.php(1213): CodeIgniter\View\View->render('deskapp/addtion...', Array, true)
#2 /opt/lampp/htdocs/deskapp_codeigniter/app/Controllers/Additionalpages.php(12): view('deskapp/addtion...')
#3 /opt/lampp/htdocs/deskapp_codeigniter/system/CodeIgniter.php(935): App\Controllers\Additionalpages->videoplayer()
#4 /opt/lampp/htdocs/deskapp_codeigniter/system/CodeIgniter.php(431): CodeIgniter\CodeIgniter->runController(Object(App\Controllers\Additionalpages))
#5 /opt/lampp/htdocs/deskapp_codeigniter/system/CodeIgniter.php(332): CodeIgniter\CodeIgniter->handleRequest(NULL, Object(Config\Cache), false)
#6 /opt/lampp/htdocs/deskapp_codeigniter/public/index.php(44): CodeIgniter\CodeIgniter->run()
#7 {main}
CRITICAL - 2021-02-05 08:29:51 --> syntax error, unexpected token "/", expecting "," or ";"
#0 /opt/lampp/htdocs/deskapp_codeigniter/system/Router/Router.php(170): CodeIgniter\Router\Router->autoRoute('invoice')
#1 /opt/lampp/htdocs/deskapp_codeigniter/system/CodeIgniter.php(815): CodeIgniter\Router\Router->handle('invoice')
#2 /opt/lampp/htdocs/deskapp_codeigniter/system/CodeIgniter.php(384): CodeIgniter\CodeIgniter->tryToRouteIt(Object(CodeIgniter\Router\RouteCollection))
#3 /opt/lampp/htdocs/deskapp_codeigniter/system/CodeIgniter.php(332): CodeIgniter\CodeIgniter->handleRequest(NULL, Object(Config\Cache), false)
#4 /opt/lampp/htdocs/deskapp_codeigniter/public/index.php(44): CodeIgniter\CodeIgniter->run()
#5 {main}
